2023-11-23 11:15:00,766 | [INFO] : training start time: 11/23/2023 11:15:00 AM
2023-11-23 11:15:00,767 | [INFO] : Current model size: 25522064 parameters
2023-11-23 11:15:01,005 | [INFO] : Model size was changed to 34588688 parameters
2023-11-23 11:15:01,005 | [INFO] : Learning rate is now 0.001000
2023-11-23 11:23:48,885 | [INFO] : Current model size: 34588688 parameters
2023-11-23 11:32:36,013 | [INFO] : Current model size: 34588688 parameters
2023-11-23 11:41:21,500 | [INFO] : Current model size: 34588688 parameters
2023-11-23 11:50:07,285 | [INFO] : Current model size: 34588688 parameters
2023-11-23 11:58:51,608 | [INFO] : Current model size: 34588688 parameters
2023-11-23 12:07:35,323 | [INFO] : Current model size: 34588688 parameters
2023-11-23 12:16:21,040 | [INFO] : Current model size: 34588688 parameters
2023-11-23 12:25:07,174 | [INFO] : Current model size: 34588688 parameters
2023-11-23 12:33:53,433 | [INFO] : Current model size: 34588688 parameters
2023-11-23 12:42:38,223 | [INFO] : Current model size: 34588688 parameters
2023-11-23 12:51:23,614 | [INFO] : Current model size: 34588688 parameters
2023-11-23 13:00:09,510 | [INFO] : Current model size: 34588688 parameters
2023-11-23 13:08:54,414 | [INFO] : Current model size: 34588688 parameters
2023-11-23 13:17:37,844 | [INFO] : Current model size: 34588688 parameters
2023-11-23 13:26:21,120 | [INFO] : Current model size: 34588688 parameters
2023-11-23 13:35:04,934 | [INFO] : Current model size: 34588688 parameters
2023-11-23 13:43:48,282 | [INFO] : Current model size: 34588688 parameters
2023-11-23 13:52:33,218 | [INFO] : Current model size: 34588688 parameters
2023-11-23 14:01:20,764 | [INFO] : Current model size: 34588688 parameters
2023-11-23 14:10:04,166 | [INFO] : Current model size: 34588688 parameters
2023-11-23 14:18:49,438 | [INFO] : Current model size: 34588688 parameters
2023-11-23 14:27:32,838 | [INFO] : Current model size: 34588688 parameters
2023-11-23 14:36:18,605 | [INFO] : Current model size: 34588688 parameters
2023-11-23 14:45:03,240 | [INFO] : Current model size: 34588688 parameters
2023-11-23 14:53:48,136 | [INFO] : Current model size: 34588688 parameters
2023-11-23 15:02:31,636 | [INFO] : Current model size: 34588688 parameters
2023-11-23 15:11:16,664 | [INFO] : Current model size: 34588688 parameters
2023-11-23 15:20:02,076 | [INFO] : Current model size: 34588688 parameters
2023-11-23 15:28:48,153 | [INFO] : Current model size: 34588688 parameters
2023-11-23 15:37:31,688 | [INFO] : Current model size: 34588688 parameters
2023-11-23 15:46:15,922 | [INFO] : Current model size: 34588688 parameters
2023-11-23 15:54:59,173 | [INFO] : Current model size: 34588688 parameters
2023-11-23 16:03:42,202 | [INFO] : Current model size: 34588688 parameters
2023-11-23 16:12:27,271 | [INFO] : Current model size: 34588688 parameters
2023-11-23 16:21:14,263 | [INFO] : Current model size: 34588688 parameters
2023-11-23 16:29:56,590 | [INFO] : Current model size: 34588688 parameters
2023-11-23 16:38:39,711 | [INFO] : Current model size: 34588688 parameters
2023-11-23 16:47:23,915 | [INFO] : Current model size: 34588688 parameters
2023-11-23 16:56:09,959 | [INFO] : Current model size: 34588688 parameters
2023-11-23 17:04:55,062 | [INFO] : Current model size: 34588688 parameters
2023-11-23 17:13:36,488 | [INFO] : Current model size: 34588688 parameters
2023-11-23 17:22:16,391 | [INFO] : Current model size: 34588688 parameters
2023-11-23 17:30:57,624 | [INFO] : Current model size: 34588688 parameters
2023-11-23 17:39:38,568 | [INFO] : Current model size: 34588688 parameters
2023-11-23 17:48:19,676 | [INFO] : Current model size: 34588688 parameters
2023-11-23 17:57:00,550 | [INFO] : Current model size: 34588688 parameters
2023-11-23 18:05:41,382 | [INFO] : Current model size: 34588688 parameters
2023-11-23 18:14:23,021 | [INFO] : Current model size: 34588688 parameters
2023-11-23 18:23:04,884 | [INFO] : Current model size: 34588688 parameters
2023-11-23 18:31:46,686 | [INFO] : training runtime (h:mm:ss): 7:16:46
