2023-11-22 00:35:38,909 | [INFO] : training start time: 11/22/2023 12:35:38 AM
2023-11-22 00:35:38,910 | [INFO] : Current model size: 25522064 parameters
2023-11-22 00:35:39,179 | [INFO] : Model size was changed to 34588688 parameters
2023-11-22 00:35:39,179 | [INFO] : Learning rate is now 0.001000
2023-11-22 00:44:25,465 | [INFO] : Current model size: 34588688 parameters
2023-11-22 00:53:03,132 | [INFO] : Current model size: 34588688 parameters
2023-11-22 01:01:35,663 | [INFO] : Current model size: 34588688 parameters
2023-11-22 01:10:05,999 | [INFO] : Current model size: 34588688 parameters
2023-11-22 01:18:36,422 | [INFO] : Current model size: 34588688 parameters
2023-11-22 01:27:07,164 | [INFO] : Current model size: 34588688 parameters
2023-11-22 01:35:38,714 | [INFO] : Current model size: 34588688 parameters
2023-11-22 01:44:08,923 | [INFO] : Current model size: 34588688 parameters
2023-11-22 01:52:39,222 | [INFO] : Current model size: 34588688 parameters
2023-11-22 02:01:09,599 | [INFO] : Current model size: 34588688 parameters
2023-11-22 02:09:39,635 | [INFO] : Current model size: 34588688 parameters
2023-11-22 02:18:10,229 | [INFO] : Current model size: 34588688 parameters
2023-11-22 02:26:41,096 | [INFO] : Current model size: 34588688 parameters
2023-11-22 02:35:12,189 | [INFO] : Current model size: 34588688 parameters
2023-11-22 02:43:43,717 | [INFO] : Current model size: 34588688 parameters
2023-11-22 02:52:15,285 | [INFO] : Current model size: 34588688 parameters
2023-11-22 03:00:45,588 | [INFO] : Current model size: 34588688 parameters
2023-11-22 03:09:16,848 | [INFO] : Current model size: 34588688 parameters
2023-11-22 03:17:47,742 | [INFO] : Current model size: 34588688 parameters
2023-11-22 03:26:18,606 | [INFO] : Current model size: 34588688 parameters
2023-11-22 03:34:49,691 | [INFO] : Current model size: 34588688 parameters
2023-11-22 03:43:20,192 | [INFO] : Current model size: 34588688 parameters
2023-11-22 03:51:51,183 | [INFO] : Current model size: 34588688 parameters
2023-11-22 04:00:21,688 | [INFO] : Current model size: 34588688 parameters
2023-11-22 04:08:51,612 | [INFO] : Current model size: 34588688 parameters
2023-11-22 04:17:22,065 | [INFO] : Current model size: 34588688 parameters
2023-11-22 04:25:52,873 | [INFO] : Current model size: 34588688 parameters
2023-11-22 04:34:22,966 | [INFO] : Current model size: 34588688 parameters
2023-11-22 04:42:54,448 | [INFO] : Current model size: 34588688 parameters
2023-11-22 04:51:25,757 | [INFO] : Current model size: 34588688 parameters
2023-11-22 04:59:57,639 | [INFO] : Current model size: 34588688 parameters
2023-11-22 05:08:27,597 | [INFO] : Current model size: 34588688 parameters
2023-11-22 05:16:58,130 | [INFO] : Current model size: 34588688 parameters
2023-11-22 05:25:29,442 | [INFO] : Current model size: 34588688 parameters
2023-11-22 05:34:00,125 | [INFO] : Current model size: 34588688 parameters
2023-11-22 05:42:30,986 | [INFO] : Current model size: 34588688 parameters
2023-11-22 05:51:01,653 | [INFO] : Current model size: 34588688 parameters
2023-11-22 05:59:32,761 | [INFO] : Current model size: 34588688 parameters
2023-11-22 06:08:04,059 | [INFO] : Current model size: 34588688 parameters
2023-11-22 06:16:35,211 | [INFO] : Current model size: 34588688 parameters
2023-11-22 06:25:04,742 | [INFO] : Current model size: 34588688 parameters
2023-11-22 06:33:34,828 | [INFO] : Current model size: 34588688 parameters
2023-11-22 06:42:04,521 | [INFO] : Current model size: 34588688 parameters
2023-11-22 06:50:32,813 | [INFO] : Current model size: 34588688 parameters
2023-11-22 06:59:00,650 | [INFO] : Current model size: 34588688 parameters
2023-11-22 07:07:29,423 | [INFO] : Current model size: 34588688 parameters
2023-11-22 07:15:58,011 | [INFO] : Current model size: 34588688 parameters
2023-11-22 07:24:26,105 | [INFO] : Current model size: 34588688 parameters
2023-11-22 07:32:54,894 | [INFO] : Current model size: 34588688 parameters
2023-11-22 07:41:23,647 | [INFO] : training runtime (h:mm:ss): 7:05:45
