2023-11-21 13:56:59,836 | [INFO] : training start time: 11/21/2023 01:56:59 PM
2023-11-21 13:56:59,837 | [INFO] : Current model size: 25522064 parameters
2023-11-21 13:57:00,103 | [INFO] : Model size was changed to 34588688 parameters
2023-11-21 13:57:00,104 | [INFO] : Learning rate is now 0.001000
2023-11-21 14:05:32,884 | [INFO] : Current model size: 34588688 parameters
2023-11-21 14:14:00,154 | [INFO] : Current model size: 34588688 parameters
2023-11-21 14:22:27,343 | [INFO] : Current model size: 34588688 parameters
2023-11-21 14:30:53,164 | [INFO] : Current model size: 34588688 parameters
2023-11-21 14:39:18,118 | [INFO] : Current model size: 34588688 parameters
2023-11-21 14:47:36,940 | [INFO] : Current model size: 34588688 parameters
2023-11-21 14:55:53,584 | [INFO] : Current model size: 34588688 parameters
2023-11-21 15:04:09,656 | [INFO] : Current model size: 34588688 parameters
2023-11-21 15:12:23,371 | [INFO] : Current model size: 34588688 parameters
2023-11-21 15:20:37,303 | [INFO] : Current model size: 34588688 parameters
2023-11-21 15:28:49,465 | [INFO] : Current model size: 34588688 parameters
2023-11-21 15:37:00,203 | [INFO] : Current model size: 34588688 parameters
2023-11-21 15:45:10,866 | [INFO] : Current model size: 34588688 parameters
2023-11-21 15:53:21,273 | [INFO] : Current model size: 34588688 parameters
2023-11-21 16:01:30,884 | [INFO] : Current model size: 34588688 parameters
2023-11-21 16:09:40,860 | [INFO] : Current model size: 34588688 parameters
2023-11-21 16:17:50,973 | [INFO] : Current model size: 34588688 parameters
2023-11-21 16:26:00,963 | [INFO] : Current model size: 34588688 parameters
2023-11-21 16:34:10,925 | [INFO] : Current model size: 34588688 parameters
2023-11-21 16:42:21,198 | [INFO] : Current model size: 34588688 parameters
2023-11-21 16:50:30,732 | [INFO] : Current model size: 34588688 parameters
2023-11-21 16:58:41,224 | [INFO] : Current model size: 34588688 parameters
2023-11-21 17:06:50,588 | [INFO] : Current model size: 34588688 parameters
2023-11-21 17:15:01,643 | [INFO] : Current model size: 34588688 parameters
2023-11-21 17:23:11,683 | [INFO] : Current model size: 34588688 parameters
2023-11-21 17:31:21,764 | [INFO] : Current model size: 34588688 parameters
2023-11-21 17:39:31,550 | [INFO] : Current model size: 34588688 parameters
2023-11-21 17:47:41,557 | [INFO] : Current model size: 34588688 parameters
2023-11-21 17:55:51,142 | [INFO] : Current model size: 34588688 parameters
2023-11-21 18:04:00,422 | [INFO] : Current model size: 34588688 parameters
2023-11-21 18:12:09,819 | [INFO] : Current model size: 34588688 parameters
2023-11-21 18:20:19,730 | [INFO] : Current model size: 34588688 parameters
2023-11-21 18:28:29,651 | [INFO] : Current model size: 34588688 parameters
2023-11-21 18:36:40,046 | [INFO] : Current model size: 34588688 parameters
2023-11-21 18:44:51,518 | [INFO] : Current model size: 34588688 parameters
2023-11-21 18:53:03,172 | [INFO] : Current model size: 34588688 parameters
2023-11-21 19:01:12,754 | [INFO] : Current model size: 34588688 parameters
2023-11-21 19:09:22,926 | [INFO] : Current model size: 34588688 parameters
2023-11-21 19:17:33,136 | [INFO] : Current model size: 34588688 parameters
2023-11-21 19:25:43,634 | [INFO] : Current model size: 34588688 parameters
2023-11-21 19:33:52,167 | [INFO] : Current model size: 34588688 parameters
2023-11-21 19:42:00,999 | [INFO] : Current model size: 34588688 parameters
2023-11-21 19:50:10,980 | [INFO] : Current model size: 34588688 parameters
2023-11-21 19:58:19,606 | [INFO] : Current model size: 34588688 parameters
2023-11-21 20:06:28,274 | [INFO] : Current model size: 34588688 parameters
2023-11-21 20:14:36,949 | [INFO] : Current model size: 34588688 parameters
2023-11-21 20:22:45,439 | [INFO] : Current model size: 34588688 parameters
2023-11-21 20:30:54,167 | [INFO] : Current model size: 34588688 parameters
2023-11-21 20:39:02,555 | [INFO] : Current model size: 34588688 parameters
2023-11-21 20:47:10,867 | [INFO] : training runtime (h:mm:ss): 6:50:12
