2023-11-25 20:06:24,393 | [INFO] : training start time: 11/25/2023 08:06:24 PM
2023-11-25 20:06:24,394 | [INFO] : Current model size: 25522064 parameters
2023-11-25 20:06:24,692 | [INFO] : Model size was changed to 34588688 parameters
2023-11-25 20:06:24,692 | [INFO] : Learning rate is now 0.010000
2023-11-25 20:15:10,493 | [INFO] : Current model size: 34588688 parameters
2023-11-25 20:23:55,526 | [INFO] : Current model size: 34588688 parameters
2023-11-25 20:32:39,572 | [INFO] : Current model size: 34588688 parameters
2023-11-25 20:41:23,058 | [INFO] : Current model size: 34588688 parameters
2023-11-25 20:50:05,565 | [INFO] : Current model size: 34588688 parameters
2023-11-25 20:58:48,316 | [INFO] : Current model size: 34588688 parameters
2023-11-25 21:07:31,321 | [INFO] : Current model size: 34588688 parameters
2023-11-25 21:16:12,809 | [INFO] : Current model size: 34588688 parameters
2023-11-25 21:24:54,837 | [INFO] : Current model size: 34588688 parameters
2023-11-25 21:33:36,196 | [INFO] : Current model size: 34588688 parameters
2023-11-25 21:42:18,191 | [INFO] : Current model size: 34588688 parameters
2023-11-25 21:51:00,118 | [INFO] : Current model size: 34588688 parameters
2023-11-25 21:59:41,723 | [INFO] : Current model size: 34588688 parameters
2023-11-25 22:08:23,658 | [INFO] : Current model size: 34588688 parameters
2023-11-25 22:17:06,825 | [INFO] : Current model size: 34588688 parameters
2023-11-25 22:25:48,514 | [INFO] : Current model size: 34588688 parameters
2023-11-25 22:34:29,736 | [INFO] : Current model size: 34588688 parameters
2023-11-25 22:43:09,984 | [INFO] : Current model size: 34588688 parameters
2023-11-25 22:51:50,405 | [INFO] : Current model size: 34588688 parameters
2023-11-25 23:00:30,867 | [INFO] : Current model size: 34588688 parameters
2023-11-25 23:09:11,958 | [INFO] : Current model size: 34588688 parameters
2023-11-25 23:17:53,273 | [INFO] : Current model size: 34588688 parameters
2023-11-25 23:26:34,226 | [INFO] : Current model size: 34588688 parameters
2023-11-25 23:35:15,502 | [INFO] : Current model size: 34588688 parameters
2023-11-25 23:43:56,968 | [INFO] : Current model size: 34588688 parameters
2023-11-25 23:52:38,432 | [INFO] : Current model size: 34588688 parameters
2023-11-26 00:01:20,364 | [INFO] : Current model size: 34588688 parameters
2023-11-26 00:10:01,016 | [INFO] : Current model size: 34588688 parameters
2023-11-26 00:18:42,993 | [INFO] : Current model size: 34588688 parameters
2023-11-26 00:27:25,067 | [INFO] : Current model size: 34588688 parameters
2023-11-26 00:36:06,580 | [INFO] : Current model size: 34588688 parameters
2023-11-26 00:44:49,185 | [INFO] : Current model size: 34588688 parameters
2023-11-26 00:53:30,204 | [INFO] : Current model size: 34588688 parameters
2023-11-26 01:02:11,680 | [INFO] : Current model size: 34588688 parameters
2023-11-26 01:10:53,026 | [INFO] : Current model size: 34588688 parameters
2023-11-26 01:19:33,893 | [INFO] : Current model size: 34588688 parameters
2023-11-26 01:28:15,175 | [INFO] : Current model size: 34588688 parameters
2023-11-26 01:36:57,216 | [INFO] : Current model size: 34588688 parameters
2023-11-26 01:45:38,406 | [INFO] : Current model size: 34588688 parameters
2023-11-26 01:54:21,623 | [INFO] : Current model size: 34588688 parameters
2023-11-26 02:03:04,652 | [INFO] : Current model size: 34588688 parameters
2023-11-26 02:11:46,116 | [INFO] : Current model size: 34588688 parameters
2023-11-26 02:20:27,769 | [INFO] : Current model size: 34588688 parameters
2023-11-26 02:29:09,390 | [INFO] : Current model size: 34588688 parameters
2023-11-26 02:37:51,706 | [INFO] : Current model size: 34588688 parameters
2023-11-26 02:46:34,307 | [INFO] : Current model size: 34588688 parameters
2023-11-26 02:55:15,822 | [INFO] : Current model size: 34588688 parameters
2023-11-26 03:03:57,520 | [INFO] : training runtime (h:mm:ss): 6:57:34
