2023-11-24 23:20:43,103 | [INFO] : training start time: 11/24/2023 11:20:43 PM
2023-11-24 23:20:43,104 | [INFO] : Current model size: 25522064 parameters
2023-11-24 23:20:43,389 | [INFO] : Model size was changed to 34588688 parameters
2023-11-24 23:20:43,389 | [INFO] : Learning rate is now 0.001000
2023-11-24 23:29:21,081 | [INFO] : Current model size: 34588688 parameters
2023-11-24 23:37:57,273 | [INFO] : Current model size: 34588688 parameters
2023-11-24 23:46:33,700 | [INFO] : Current model size: 34588688 parameters
2023-11-24 23:55:10,286 | [INFO] : Current model size: 34588688 parameters
2023-11-25 00:03:47,930 | [INFO] : Current model size: 34588688 parameters
2023-11-25 00:12:24,958 | [INFO] : Current model size: 34588688 parameters
2023-11-25 00:21:02,607 | [INFO] : Current model size: 34588688 parameters
2023-11-25 00:29:40,291 | [INFO] : Current model size: 34588688 parameters
2023-11-25 00:38:17,866 | [INFO] : Current model size: 34588688 parameters
2023-11-25 00:46:55,181 | [INFO] : Current model size: 34588688 parameters
2023-11-25 00:55:31,853 | [INFO] : Current model size: 34588688 parameters
2023-11-25 01:04:09,525 | [INFO] : Current model size: 34588688 parameters
2023-11-25 01:12:47,402 | [INFO] : Current model size: 34588688 parameters
2023-11-25 01:21:24,510 | [INFO] : Current model size: 34588688 parameters
2023-11-25 01:30:01,424 | [INFO] : Current model size: 34588688 parameters
2023-11-25 01:38:38,628 | [INFO] : Current model size: 34588688 parameters
2023-11-25 01:47:16,459 | [INFO] : Current model size: 34588688 parameters
2023-11-25 01:55:53,121 | [INFO] : Current model size: 34588688 parameters
2023-11-25 02:04:30,796 | [INFO] : Current model size: 34588688 parameters
2023-11-25 02:13:07,695 | [INFO] : Current model size: 34588688 parameters
2023-11-25 02:21:45,156 | [INFO] : Current model size: 34588688 parameters
2023-11-25 02:30:22,377 | [INFO] : Current model size: 34588688 parameters
2023-11-25 02:39:00,133 | [INFO] : Current model size: 34588688 parameters
2023-11-25 02:47:36,787 | [INFO] : Current model size: 34588688 parameters
2023-11-25 02:56:13,543 | [INFO] : Current model size: 34588688 parameters
2023-11-25 03:04:50,299 | [INFO] : Current model size: 34588688 parameters
2023-11-25 03:13:28,483 | [INFO] : Current model size: 34588688 parameters
2023-11-25 03:22:05,397 | [INFO] : Current model size: 34588688 parameters
2023-11-25 03:30:42,591 | [INFO] : Current model size: 34588688 parameters
2023-11-25 03:39:19,886 | [INFO] : Current model size: 34588688 parameters
2023-11-25 03:47:56,855 | [INFO] : Current model size: 34588688 parameters
2023-11-25 03:56:34,353 | [INFO] : Current model size: 34588688 parameters
2023-11-25 04:05:11,847 | [INFO] : Current model size: 34588688 parameters
2023-11-25 04:13:48,942 | [INFO] : Current model size: 34588688 parameters
2023-11-25 04:22:26,236 | [INFO] : Current model size: 34588688 parameters
2023-11-25 04:31:03,766 | [INFO] : Current model size: 34588688 parameters
2023-11-25 04:39:41,161 | [INFO] : Current model size: 34588688 parameters
2023-11-25 04:48:18,227 | [INFO] : Current model size: 34588688 parameters
2023-11-25 04:56:55,129 | [INFO] : Current model size: 34588688 parameters
2023-11-25 05:05:32,860 | [INFO] : Current model size: 34588688 parameters
2023-11-25 05:14:10,259 | [INFO] : Current model size: 34588688 parameters
2023-11-25 05:22:47,291 | [INFO] : Current model size: 34588688 parameters
2023-11-25 05:31:24,802 | [INFO] : Current model size: 34588688 parameters
2023-11-25 05:40:02,287 | [INFO] : Current model size: 34588688 parameters
2023-11-25 05:48:38,909 | [INFO] : Current model size: 34588688 parameters
2023-11-25 05:57:16,056 | [INFO] : training runtime (h:mm:ss): 6:36:33
