2023-11-24 23:21:09,439 | [INFO] : training start time: 11/24/2023 11:21:09 PM
2023-11-24 23:21:09,440 | [INFO] : Current model size: 25522064 parameters
2023-11-24 23:21:09,756 | [INFO] : Model size was changed to 34588688 parameters
2023-11-24 23:21:09,756 | [INFO] : Learning rate is now 0.001000
2023-11-24 23:29:55,885 | [INFO] : Current model size: 34588688 parameters
2023-11-24 23:38:40,714 | [INFO] : Current model size: 34588688 parameters
2023-11-24 23:47:26,513 | [INFO] : Current model size: 34588688 parameters
2023-11-24 23:56:11,629 | [INFO] : Current model size: 34588688 parameters
2023-11-25 00:04:56,854 | [INFO] : Current model size: 34588688 parameters
2023-11-25 00:13:42,683 | [INFO] : Current model size: 34588688 parameters
2023-11-25 00:22:28,052 | [INFO] : Current model size: 34588688 parameters
2023-11-25 00:31:13,709 | [INFO] : Current model size: 34588688 parameters
2023-11-25 00:39:58,741 | [INFO] : Current model size: 34588688 parameters
2023-11-25 00:48:44,177 | [INFO] : Current model size: 34588688 parameters
2023-11-25 00:57:29,448 | [INFO] : Current model size: 34588688 parameters
2023-11-25 01:06:15,244 | [INFO] : Current model size: 34588688 parameters
2023-11-25 01:15:00,212 | [INFO] : Current model size: 34588688 parameters
2023-11-25 01:23:44,958 | [INFO] : Current model size: 34588688 parameters
2023-11-25 01:32:30,710 | [INFO] : Current model size: 34588688 parameters
2023-11-25 01:41:15,880 | [INFO] : Current model size: 34588688 parameters
2023-11-25 01:50:00,871 | [INFO] : Current model size: 34588688 parameters
2023-11-25 01:58:47,210 | [INFO] : Current model size: 34588688 parameters
2023-11-25 02:07:32,612 | [INFO] : Current model size: 34588688 parameters
2023-11-25 02:16:17,760 | [INFO] : Current model size: 34588688 parameters
2023-11-25 02:25:02,909 | [INFO] : Current model size: 34588688 parameters
2023-11-25 02:33:48,892 | [INFO] : Current model size: 34588688 parameters
2023-11-25 02:42:34,143 | [INFO] : Current model size: 34588688 parameters
2023-11-25 02:51:19,501 | [INFO] : Current model size: 34588688 parameters
2023-11-25 03:00:03,950 | [INFO] : Current model size: 34588688 parameters
2023-11-25 03:08:48,758 | [INFO] : Current model size: 34588688 parameters
2023-11-25 03:17:33,964 | [INFO] : Current model size: 34588688 parameters
2023-11-25 03:26:18,429 | [INFO] : Current model size: 34588688 parameters
2023-11-25 03:35:03,635 | [INFO] : Current model size: 34588688 parameters
2023-11-25 03:43:49,247 | [INFO] : Current model size: 34588688 parameters
2023-11-25 03:52:34,784 | [INFO] : Current model size: 34588688 parameters
2023-11-25 04:01:20,196 | [INFO] : Current model size: 34588688 parameters
2023-11-25 04:10:06,345 | [INFO] : Current model size: 34588688 parameters
2023-11-25 04:18:51,170 | [INFO] : Current model size: 34588688 parameters
2023-11-25 04:27:36,870 | [INFO] : Current model size: 34588688 parameters
2023-11-25 04:36:21,675 | [INFO] : Current model size: 34588688 parameters
2023-11-25 04:45:07,101 | [INFO] : Current model size: 34588688 parameters
2023-11-25 04:53:52,300 | [INFO] : Current model size: 34588688 parameters
2023-11-25 05:02:37,614 | [INFO] : Current model size: 34588688 parameters
2023-11-25 05:11:22,503 | [INFO] : Current model size: 34588688 parameters
2023-11-25 05:20:06,977 | [INFO] : Current model size: 34588688 parameters
2023-11-25 05:28:52,337 | [INFO] : Current model size: 34588688 parameters
2023-11-25 05:37:37,710 | [INFO] : Current model size: 34588688 parameters
2023-11-25 05:46:23,745 | [INFO] : Current model size: 34588688 parameters
2023-11-25 05:55:09,820 | [INFO] : Current model size: 34588688 parameters
2023-11-25 06:03:54,192 | [INFO] : Current model size: 34588688 parameters
2023-11-25 06:12:38,894 | [INFO] : Current model size: 34588688 parameters
2023-11-25 06:21:23,099 | [INFO] : training runtime (h:mm:ss): 7:00:14
