2023-11-25 10:36:37,862 | [INFO] : training start time: 11/25/2023 10:36:37 AM
2023-11-25 10:36:37,863 | [INFO] : Current model size: 25522064 parameters
2023-11-25 10:36:38,165 | [INFO] : Model size was changed to 34588688 parameters
2023-11-25 10:36:38,166 | [INFO] : Learning rate is now 0.010000
2023-11-25 10:45:13,854 | [INFO] : Current model size: 34588688 parameters
2023-11-25 10:53:48,796 | [INFO] : Current model size: 34588688 parameters
2023-11-25 11:02:23,440 | [INFO] : Current model size: 34588688 parameters
2023-11-25 11:10:57,955 | [INFO] : Current model size: 34588688 parameters
2023-11-25 11:19:32,108 | [INFO] : Current model size: 34588688 parameters
2023-11-25 11:28:06,668 | [INFO] : Current model size: 34588688 parameters
2023-11-25 11:36:40,215 | [INFO] : Current model size: 34588688 parameters
2023-11-25 11:45:14,465 | [INFO] : Current model size: 34588688 parameters
2023-11-25 11:53:48,603 | [INFO] : Current model size: 34588688 parameters
2023-11-25 12:02:22,265 | [INFO] : Current model size: 34588688 parameters
2023-11-25 12:10:55,454 | [INFO] : Current model size: 34588688 parameters
2023-11-25 12:19:28,277 | [INFO] : Current model size: 34588688 parameters
2023-11-25 12:28:01,046 | [INFO] : Current model size: 34588688 parameters
2023-11-25 12:36:34,213 | [INFO] : Current model size: 34588688 parameters
2023-11-25 12:45:06,584 | [INFO] : Current model size: 34588688 parameters
2023-11-25 12:53:38,982 | [INFO] : Current model size: 34588688 parameters
2023-11-25 13:02:11,630 | [INFO] : Current model size: 34588688 parameters
2023-11-25 13:10:43,748 | [INFO] : Current model size: 34588688 parameters
2023-11-25 13:19:16,200 | [INFO] : Current model size: 34588688 parameters
2023-11-25 13:27:48,323 | [INFO] : Current model size: 34588688 parameters
2023-11-25 13:36:21,021 | [INFO] : Current model size: 34588688 parameters
2023-11-25 13:44:53,365 | [INFO] : Current model size: 34588688 parameters
2023-11-25 13:53:25,693 | [INFO] : Current model size: 34588688 parameters
2023-11-25 14:01:58,126 | [INFO] : Current model size: 34588688 parameters
2023-11-25 14:10:30,496 | [INFO] : Current model size: 34588688 parameters
2023-11-25 14:19:03,390 | [INFO] : Current model size: 34588688 parameters
2023-11-25 14:27:35,912 | [INFO] : Current model size: 34588688 parameters
2023-11-25 14:36:08,946 | [INFO] : Current model size: 34588688 parameters
2023-11-25 14:44:41,546 | [INFO] : Current model size: 34588688 parameters
2023-11-25 14:53:14,013 | [INFO] : Current model size: 34588688 parameters
2023-11-25 15:01:47,094 | [INFO] : Current model size: 34588688 parameters
2023-11-25 15:10:20,345 | [INFO] : Current model size: 34588688 parameters
2023-11-25 15:18:53,567 | [INFO] : Current model size: 34588688 parameters
2023-11-25 15:27:26,745 | [INFO] : Current model size: 34588688 parameters
2023-11-25 15:36:00,402 | [INFO] : Current model size: 34588688 parameters
2023-11-25 15:44:33,533 | [INFO] : Current model size: 34588688 parameters
2023-11-25 15:53:07,722 | [INFO] : Current model size: 34588688 parameters
2023-11-25 16:01:41,467 | [INFO] : Current model size: 34588688 parameters
2023-11-25 16:10:15,123 | [INFO] : Current model size: 34588688 parameters
2023-11-25 16:18:48,438 | [INFO] : Current model size: 34588688 parameters
2023-11-25 16:27:21,181 | [INFO] : Current model size: 34588688 parameters
2023-11-25 16:35:54,548 | [INFO] : Current model size: 34588688 parameters
2023-11-25 16:44:28,290 | [INFO] : Current model size: 34588688 parameters
2023-11-25 16:53:01,509 | [INFO] : Current model size: 34588688 parameters
2023-11-25 17:01:34,783 | [INFO] : Current model size: 34588688 parameters
2023-11-25 17:10:08,730 | [INFO] : training runtime (h:mm:ss): 6:33:31
