2023-10-02 18:11:02,597 | [INFO] : Teacher Training start time: 10/02/2023 06:11:02 PM
2023-10-02 18:11:05,551 | [DEBUG] : Train Epoch: 1 [0/50000 (0%)]	Loss: 2.329237
2023-10-02 18:11:17,783 | [DEBUG] : 
Test set: Average loss: 1.3367, Accuracy: 5106/10000 (51%)

2023-10-02 18:11:17,988 | [DEBUG] : Train Epoch: 2 [0/50000 (0%)]	Loss: 1.149974
2023-10-02 18:11:30,429 | [DEBUG] : 
Test set: Average loss: 1.1973, Accuracy: 5740/10000 (57%)

2023-10-02 18:11:30,570 | [DEBUG] : Train Epoch: 3 [0/50000 (0%)]	Loss: 0.962738
2023-10-02 18:11:43,865 | [DEBUG] : 
Test set: Average loss: 1.2372, Accuracy: 5537/10000 (55%)

2023-10-02 18:11:44,041 | [DEBUG] : Train Epoch: 4 [0/50000 (0%)]	Loss: 0.814106
2023-10-02 18:11:56,645 | [DEBUG] : 
Test set: Average loss: 1.4792, Accuracy: 5098/10000 (51%)

2023-10-02 18:11:56,797 | [DEBUG] : Train Epoch: 5 [0/50000 (0%)]	Loss: 1.320034
2023-10-02 18:12:09,549 | [DEBUG] : 
Test set: Average loss: 1.0201, Accuracy: 6445/10000 (64%)

2023-10-02 18:12:09,695 | [DEBUG] : Train Epoch: 6 [0/50000 (0%)]	Loss: 0.882622
2023-10-02 18:12:21,977 | [DEBUG] : 
Test set: Average loss: 1.0406, Accuracy: 6271/10000 (63%)

2023-10-02 18:12:22,127 | [DEBUG] : Train Epoch: 7 [0/50000 (0%)]	Loss: 1.026134
2023-10-02 18:12:34,629 | [DEBUG] : 
Test set: Average loss: 1.0169, Accuracy: 6450/10000 (64%)

2023-10-02 18:12:34,775 | [DEBUG] : Train Epoch: 8 [0/50000 (0%)]	Loss: 0.882868
2023-10-02 18:12:47,524 | [DEBUG] : 
Test set: Average loss: 0.9696, Accuracy: 6664/10000 (67%)

2023-10-02 18:12:47,671 | [DEBUG] : Train Epoch: 9 [0/50000 (0%)]	Loss: 0.725968
2023-10-02 18:13:00,220 | [DEBUG] : 
Test set: Average loss: 1.0681, Accuracy: 6419/10000 (64%)

2023-10-02 18:13:00,376 | [DEBUG] : Train Epoch: 10 [0/50000 (0%)]	Loss: 0.983215
2023-10-02 18:13:13,698 | [DEBUG] : 
Test set: Average loss: 0.8981, Accuracy: 6874/10000 (69%)

2023-10-02 18:13:13,893 | [DEBUG] : Train Epoch: 11 [0/50000 (0%)]	Loss: 0.945138
2023-10-02 18:13:27,420 | [DEBUG] : 
Test set: Average loss: 0.8923, Accuracy: 6942/10000 (69%)

2023-10-02 18:13:27,559 | [DEBUG] : Train Epoch: 12 [0/50000 (0%)]	Loss: 0.907249
2023-10-02 18:13:40,941 | [DEBUG] : 
Test set: Average loss: 0.8869, Accuracy: 6907/10000 (69%)

2023-10-02 18:13:41,200 | [DEBUG] : Train Epoch: 13 [0/50000 (0%)]	Loss: 1.025694
2023-10-02 18:13:54,934 | [DEBUG] : 
Test set: Average loss: 0.8987, Accuracy: 6878/10000 (69%)

2023-10-02 18:13:55,099 | [DEBUG] : Train Epoch: 14 [0/50000 (0%)]	Loss: 0.632443
2023-10-02 18:14:07,985 | [DEBUG] : 
Test set: Average loss: 0.9301, Accuracy: 6816/10000 (68%)

2023-10-02 18:14:08,126 | [DEBUG] : Train Epoch: 15 [0/50000 (0%)]	Loss: 0.948421
2023-10-02 18:14:20,519 | [DEBUG] : 
Test set: Average loss: 0.9116, Accuracy: 6785/10000 (68%)

2023-10-02 18:14:20,658 | [DEBUG] : Train Epoch: 16 [0/50000 (0%)]	Loss: 0.807463
2023-10-02 18:14:32,976 | [DEBUG] : 
Test set: Average loss: 0.9200, Accuracy: 6836/10000 (68%)

2023-10-02 18:14:33,120 | [DEBUG] : Train Epoch: 17 [0/50000 (0%)]	Loss: 0.700401
2023-10-02 18:14:45,559 | [DEBUG] : 
Test set: Average loss: 0.8517, Accuracy: 7061/10000 (71%)

2023-10-02 18:14:45,705 | [DEBUG] : Train Epoch: 18 [0/50000 (0%)]	Loss: 0.904682
2023-10-02 18:14:57,814 | [DEBUG] : 
Test set: Average loss: 0.8575, Accuracy: 7075/10000 (71%)

2023-10-02 18:14:57,995 | [DEBUG] : Train Epoch: 19 [0/50000 (0%)]	Loss: 0.634535
2023-10-02 18:15:10,231 | [DEBUG] : 
Test set: Average loss: 0.8509, Accuracy: 7025/10000 (70%)

2023-10-02 18:15:10,368 | [DEBUG] : Train Epoch: 20 [0/50000 (0%)]	Loss: 0.655390
2023-10-02 18:15:22,824 | [DEBUG] : 
Test set: Average loss: 0.8660, Accuracy: 7006/10000 (70%)

2023-10-02 18:15:23,001 | [DEBUG] : Train Epoch: 21 [0/50000 (0%)]	Loss: 0.763637
2023-10-02 18:15:36,199 | [DEBUG] : 
Test set: Average loss: 0.8919, Accuracy: 7041/10000 (70%)

2023-10-02 18:15:36,376 | [DEBUG] : Train Epoch: 22 [0/50000 (0%)]	Loss: 0.761224
2023-10-02 18:15:49,374 | [DEBUG] : 
Test set: Average loss: 0.8648, Accuracy: 7034/10000 (70%)

2023-10-02 18:15:49,531 | [DEBUG] : Train Epoch: 23 [0/50000 (0%)]	Loss: 0.626929
2023-10-02 18:16:02,601 | [DEBUG] : 
Test set: Average loss: 0.8868, Accuracy: 6943/10000 (69%)

2023-10-02 18:16:02,743 | [DEBUG] : Train Epoch: 24 [0/50000 (0%)]	Loss: 0.685574
2023-10-02 18:16:15,554 | [DEBUG] : 
Test set: Average loss: 0.8487, Accuracy: 7054/10000 (71%)

2023-10-02 18:16:15,702 | [DEBUG] : Train Epoch: 25 [0/50000 (0%)]	Loss: 0.904966
2023-10-02 18:16:28,368 | [DEBUG] : 
Test set: Average loss: 0.8856, Accuracy: 6923/10000 (69%)

2023-10-02 18:16:28,518 | [DEBUG] : Train Epoch: 26 [0/50000 (0%)]	Loss: 0.778970
2023-10-02 18:16:41,556 | [DEBUG] : 
Test set: Average loss: 0.8739, Accuracy: 6988/10000 (70%)

2023-10-02 18:16:41,716 | [DEBUG] : Train Epoch: 27 [0/50000 (0%)]	Loss: 0.758510
2023-10-02 18:16:54,981 | [DEBUG] : 
Test set: Average loss: 0.8239, Accuracy: 7148/10000 (71%)

2023-10-02 18:16:55,141 | [DEBUG] : Train Epoch: 28 [0/50000 (0%)]	Loss: 0.822304
2023-10-02 18:17:08,566 | [DEBUG] : 
Test set: Average loss: 0.8344, Accuracy: 7145/10000 (71%)

2023-10-02 18:17:08,713 | [DEBUG] : Train Epoch: 29 [0/50000 (0%)]	Loss: 0.606038
2023-10-02 18:17:21,541 | [DEBUG] : 
Test set: Average loss: 0.8298, Accuracy: 7140/10000 (71%)

2023-10-02 18:17:21,692 | [DEBUG] : Train Epoch: 30 [0/50000 (0%)]	Loss: 0.872681
2023-10-02 18:17:34,850 | [DEBUG] : 
Test set: Average loss: 0.8702, Accuracy: 7046/10000 (70%)

2023-10-02 18:17:35,011 | [DEBUG] : Train Epoch: 31 [0/50000 (0%)]	Loss: 0.480462
2023-10-02 18:17:48,053 | [DEBUG] : 
Test set: Average loss: 0.8229, Accuracy: 7198/10000 (72%)

2023-10-02 18:17:48,247 | [DEBUG] : Train Epoch: 32 [0/50000 (0%)]	Loss: 0.703580
2023-10-02 18:18:01,145 | [DEBUG] : 
Test set: Average loss: 0.8142, Accuracy: 7196/10000 (72%)

2023-10-02 18:18:01,300 | [DEBUG] : Train Epoch: 33 [0/50000 (0%)]	Loss: 0.692835
2023-10-02 18:18:14,195 | [DEBUG] : 
Test set: Average loss: 0.8185, Accuracy: 7205/10000 (72%)

2023-10-02 18:18:14,385 | [DEBUG] : Train Epoch: 34 [0/50000 (0%)]	Loss: 0.471384
2023-10-02 18:18:27,291 | [DEBUG] : 
Test set: Average loss: 0.8256, Accuracy: 7151/10000 (72%)

2023-10-02 18:18:27,445 | [DEBUG] : Train Epoch: 35 [0/50000 (0%)]	Loss: 1.022059
2023-10-02 18:18:40,173 | [DEBUG] : 
Test set: Average loss: 0.8589, Accuracy: 7073/10000 (71%)

2023-10-02 18:18:40,319 | [DEBUG] : Train Epoch: 36 [0/50000 (0%)]	Loss: 0.453032
2023-10-02 18:18:53,268 | [DEBUG] : 
Test set: Average loss: 0.8198, Accuracy: 7220/10000 (72%)

2023-10-02 18:18:53,436 | [DEBUG] : Train Epoch: 37 [0/50000 (0%)]	Loss: 0.575088
2023-10-02 18:19:06,343 | [DEBUG] : 
Test set: Average loss: 0.8241, Accuracy: 7236/10000 (72%)

2023-10-02 18:19:06,493 | [DEBUG] : Train Epoch: 38 [0/50000 (0%)]	Loss: 0.605789
2023-10-02 18:19:19,289 | [DEBUG] : 
Test set: Average loss: 0.8119, Accuracy: 7266/10000 (73%)

2023-10-02 18:19:19,449 | [DEBUG] : Train Epoch: 39 [0/50000 (0%)]	Loss: 0.970979
2023-10-02 18:19:32,822 | [DEBUG] : 
Test set: Average loss: 0.8079, Accuracy: 7234/10000 (72%)

2023-10-02 18:19:32,992 | [DEBUG] : Train Epoch: 40 [0/50000 (0%)]	Loss: 0.733834
2023-10-02 18:19:45,664 | [DEBUG] : 
Test set: Average loss: 0.8168, Accuracy: 7215/10000 (72%)

2023-10-02 18:19:45,855 | [DEBUG] : Train Epoch: 41 [0/50000 (0%)]	Loss: 0.842585
2023-10-02 18:19:58,655 | [DEBUG] : 
Test set: Average loss: 0.8415, Accuracy: 7166/10000 (72%)

2023-10-02 18:19:58,799 | [INFO] : Teacher Training runtime (h:mm:ss): 0:08:57
