2023-10-01 17:42:49,253 | [INFO] : Wider teacher training ...  start time: 10/01/2023 05:42:49 PM
2023-10-01 17:42:49,274 | [DEBUG] : Train Epoch: 1 [0/50000 (0%)]	Loss: 2.401181
2023-10-01 17:43:02,202 | [DEBUG] : 
Test set: Average loss: 1.3044, Accuracy: 5278/10000 (53%)

2023-10-01 17:43:02,338 | [DEBUG] : Train Epoch: 2 [0/50000 (0%)]	Loss: 1.207885
2023-10-01 17:43:15,421 | [DEBUG] : 
Test set: Average loss: 1.0936, Accuracy: 6094/10000 (61%)

2023-10-01 17:43:15,563 | [DEBUG] : Train Epoch: 3 [0/50000 (0%)]	Loss: 0.953777
2023-10-01 17:43:28,668 | [DEBUG] : 
Test set: Average loss: 1.0214, Accuracy: 6370/10000 (64%)

2023-10-01 17:43:28,820 | [DEBUG] : Train Epoch: 4 [0/50000 (0%)]	Loss: 0.753844
2023-10-01 17:43:41,820 | [DEBUG] : 
Test set: Average loss: 0.9375, Accuracy: 6752/10000 (68%)

2023-10-01 17:43:41,974 | [DEBUG] : Train Epoch: 5 [0/50000 (0%)]	Loss: 0.943501
2023-10-01 17:43:55,473 | [DEBUG] : 
Test set: Average loss: 0.9627, Accuracy: 6679/10000 (67%)

2023-10-01 17:43:55,625 | [DEBUG] : Train Epoch: 6 [0/50000 (0%)]	Loss: 0.487085
2023-10-01 17:44:09,006 | [DEBUG] : 
Test set: Average loss: 0.9177, Accuracy: 6714/10000 (67%)

2023-10-01 17:44:09,179 | [DEBUG] : Train Epoch: 7 [0/50000 (0%)]	Loss: 0.938369
2023-10-01 17:44:21,962 | [DEBUG] : 
Test set: Average loss: 0.9010, Accuracy: 6959/10000 (70%)

2023-10-01 17:44:22,105 | [DEBUG] : Train Epoch: 8 [0/50000 (0%)]	Loss: 0.813437
2023-10-01 17:44:35,381 | [DEBUG] : 
Test set: Average loss: 0.8519, Accuracy: 7034/10000 (70%)

2023-10-01 17:44:35,523 | [DEBUG] : Train Epoch: 9 [0/50000 (0%)]	Loss: 0.588054
2023-10-01 17:44:48,923 | [DEBUG] : 
Test set: Average loss: 1.0308, Accuracy: 6579/10000 (66%)

2023-10-01 17:44:49,066 | [DEBUG] : Train Epoch: 10 [0/50000 (0%)]	Loss: 0.666143
2023-10-01 17:45:02,162 | [DEBUG] : 
Test set: Average loss: 0.8852, Accuracy: 6967/10000 (70%)

2023-10-01 17:45:02,295 | [DEBUG] : Train Epoch: 11 [0/50000 (0%)]	Loss: 0.841380
2023-10-01 17:45:15,640 | [DEBUG] : 
Test set: Average loss: 0.7793, Accuracy: 7312/10000 (73%)

2023-10-01 17:45:15,776 | [DEBUG] : Train Epoch: 12 [0/50000 (0%)]	Loss: 0.811997
2023-10-01 17:45:28,948 | [DEBUG] : 
Test set: Average loss: 0.7749, Accuracy: 7345/10000 (73%)

2023-10-01 17:45:29,082 | [DEBUG] : Train Epoch: 13 [0/50000 (0%)]	Loss: 0.663976
2023-10-01 17:45:42,924 | [DEBUG] : 
Test set: Average loss: 0.7583, Accuracy: 7345/10000 (73%)

2023-10-01 17:45:43,070 | [DEBUG] : Train Epoch: 14 [0/50000 (0%)]	Loss: 0.623788
2023-10-01 17:45:56,553 | [DEBUG] : 
Test set: Average loss: 0.8212, Accuracy: 7217/10000 (72%)

2023-10-01 17:45:56,698 | [DEBUG] : Train Epoch: 15 [0/50000 (0%)]	Loss: 0.865399
2023-10-01 17:46:10,102 | [DEBUG] : 
Test set: Average loss: 0.7919, Accuracy: 7351/10000 (74%)

2023-10-01 17:46:10,239 | [DEBUG] : Train Epoch: 16 [0/50000 (0%)]	Loss: 0.527638
2023-10-01 17:46:23,081 | [DEBUG] : 
Test set: Average loss: 0.7713, Accuracy: 7381/10000 (74%)

2023-10-01 17:46:23,236 | [DEBUG] : Train Epoch: 17 [0/50000 (0%)]	Loss: 0.598372
2023-10-01 17:46:36,400 | [DEBUG] : 
Test set: Average loss: 0.7979, Accuracy: 7239/10000 (72%)

2023-10-01 17:46:36,543 | [DEBUG] : Train Epoch: 18 [0/50000 (0%)]	Loss: 1.059278
2023-10-01 17:46:49,553 | [DEBUG] : 
Test set: Average loss: 0.8001, Accuracy: 7274/10000 (73%)

2023-10-01 17:46:49,701 | [DEBUG] : Train Epoch: 19 [0/50000 (0%)]	Loss: 0.544203
2023-10-01 17:47:03,046 | [DEBUG] : 
Test set: Average loss: 0.7429, Accuracy: 7491/10000 (75%)

2023-10-01 17:47:03,221 | [DEBUG] : Train Epoch: 20 [0/50000 (0%)]	Loss: 0.494898
2023-10-01 17:47:16,191 | [DEBUG] : 
Test set: Average loss: 0.8290, Accuracy: 7099/10000 (71%)

2023-10-01 17:47:16,333 | [DEBUG] : Train Epoch: 21 [0/50000 (0%)]	Loss: 0.405700
2023-10-01 17:47:29,605 | [DEBUG] : 
Test set: Average loss: 0.8178, Accuracy: 7281/10000 (73%)

2023-10-01 17:47:29,753 | [DEBUG] : Train Epoch: 22 [0/50000 (0%)]	Loss: 0.532354
2023-10-01 17:47:43,128 | [DEBUG] : 
Test set: Average loss: 0.8523, Accuracy: 7137/10000 (71%)

2023-10-01 17:47:43,270 | [DEBUG] : Train Epoch: 23 [0/50000 (0%)]	Loss: 0.394159
2023-10-01 17:47:56,321 | [DEBUG] : 
Test set: Average loss: 0.7265, Accuracy: 7508/10000 (75%)

2023-10-01 17:47:56,451 | [DEBUG] : Train Epoch: 24 [0/50000 (0%)]	Loss: 0.327794
2023-10-01 17:48:09,569 | [DEBUG] : 
Test set: Average loss: 0.7443, Accuracy: 7504/10000 (75%)

2023-10-01 17:48:09,705 | [DEBUG] : Train Epoch: 25 [0/50000 (0%)]	Loss: 0.612723
2023-10-01 17:48:23,235 | [DEBUG] : 
Test set: Average loss: 0.7236, Accuracy: 7522/10000 (75%)

2023-10-01 17:48:23,375 | [DEBUG] : Train Epoch: 26 [0/50000 (0%)]	Loss: 0.360538
2023-10-01 17:48:35,749 | [DEBUG] : 
Test set: Average loss: 0.7137, Accuracy: 7547/10000 (75%)

2023-10-01 17:48:35,889 | [DEBUG] : Train Epoch: 27 [0/50000 (0%)]	Loss: 0.666125
2023-10-01 17:48:48,430 | [DEBUG] : 
Test set: Average loss: 0.7228, Accuracy: 7560/10000 (76%)

2023-10-01 17:48:48,573 | [DEBUG] : Train Epoch: 28 [0/50000 (0%)]	Loss: 0.467088
2023-10-01 17:49:01,911 | [DEBUG] : 
Test set: Average loss: 0.7247, Accuracy: 7548/10000 (75%)

2023-10-01 17:49:02,058 | [DEBUG] : Train Epoch: 29 [0/50000 (0%)]	Loss: 0.519854
2023-10-01 17:49:15,183 | [DEBUG] : 
Test set: Average loss: 0.7099, Accuracy: 7577/10000 (76%)

2023-10-01 17:49:15,318 | [DEBUG] : Train Epoch: 30 [0/50000 (0%)]	Loss: 0.501007
2023-10-01 17:49:28,515 | [DEBUG] : 
Test set: Average loss: 0.7212, Accuracy: 7580/10000 (76%)

2023-10-01 17:49:28,662 | [DEBUG] : Train Epoch: 31 [0/50000 (0%)]	Loss: 0.520997
2023-10-01 17:49:41,726 | [DEBUG] : 
Test set: Average loss: 0.7653, Accuracy: 7455/10000 (75%)

2023-10-01 17:49:41,873 | [DEBUG] : Train Epoch: 32 [0/50000 (0%)]	Loss: 0.489801
2023-10-01 17:49:55,165 | [DEBUG] : 
Test set: Average loss: 0.7149, Accuracy: 7610/10000 (76%)

2023-10-01 17:49:55,341 | [DEBUG] : Train Epoch: 33 [0/50000 (0%)]	Loss: 0.479575
2023-10-01 17:50:08,608 | [DEBUG] : 
Test set: Average loss: 0.7237, Accuracy: 7538/10000 (75%)

2023-10-01 17:50:08,758 | [DEBUG] : Train Epoch: 34 [0/50000 (0%)]	Loss: 0.498260
2023-10-01 17:50:22,001 | [DEBUG] : 
Test set: Average loss: 0.7983, Accuracy: 7334/10000 (73%)

2023-10-01 17:50:22,141 | [DEBUG] : Train Epoch: 35 [0/50000 (0%)]	Loss: 0.471654
2023-10-01 17:50:35,235 | [DEBUG] : 
Test set: Average loss: 0.7991, Accuracy: 7395/10000 (74%)

2023-10-01 17:50:35,376 | [DEBUG] : Train Epoch: 36 [0/50000 (0%)]	Loss: 0.489464
2023-10-01 17:50:48,518 | [DEBUG] : 
Test set: Average loss: 0.7201, Accuracy: 7593/10000 (76%)

2023-10-01 17:50:48,660 | [DEBUG] : Train Epoch: 37 [0/50000 (0%)]	Loss: 0.596351
2023-10-01 17:51:01,744 | [DEBUG] : 
Test set: Average loss: 0.7168, Accuracy: 7574/10000 (76%)

2023-10-01 17:51:01,890 | [DEBUG] : Train Epoch: 38 [0/50000 (0%)]	Loss: 0.464035
2023-10-01 17:51:15,050 | [DEBUG] : 
Test set: Average loss: 0.7652, Accuracy: 7447/10000 (74%)

2023-10-01 17:51:15,192 | [DEBUG] : Train Epoch: 39 [0/50000 (0%)]	Loss: 0.447625
2023-10-01 17:51:28,752 | [DEBUG] : 
Test set: Average loss: 0.7735, Accuracy: 7490/10000 (75%)

2023-10-01 17:51:28,896 | [DEBUG] : Train Epoch: 40 [0/50000 (0%)]	Loss: 0.399578
2023-10-01 17:51:41,582 | [DEBUG] : 
Test set: Average loss: 0.7664, Accuracy: 7441/10000 (74%)

2023-10-01 17:51:41,735 | [DEBUG] : Train Epoch: 41 [0/50000 (0%)]	Loss: 0.496360
2023-10-01 17:51:54,706 | [DEBUG] : 
Test set: Average loss: 0.7780, Accuracy: 7443/10000 (74%)

2023-10-01 17:51:54,837 | [INFO] : Wider teacher training ...  runtime (h:mm:ss): 0:09:06
