2023-11-25 23:10:45,210 | [INFO] : training start time: 11/25/2023 11:10:45 PM
2023-11-25 23:10:45,211 | [INFO] : Current model size: 25522064 parameters
2023-11-25 23:10:45,741 | [INFO] : Model size was changed to 34588688 parameters
2023-11-25 23:10:45,742 | [INFO] : Learning rate is now 0.010000
2023-11-25 23:19:24,017 | [INFO] : Current model size: 34588688 parameters
2023-11-25 23:28:00,585 | [INFO] : Current model size: 34588688 parameters
2023-11-25 23:36:35,994 | [INFO] : Current model size: 34588688 parameters
2023-11-25 23:45:10,694 | [INFO] : Current model size: 34588688 parameters
2023-11-25 23:53:47,616 | [INFO] : Current model size: 34588688 parameters
2023-11-26 00:02:23,581 | [INFO] : Current model size: 34588688 parameters
2023-11-26 00:10:59,014 | [INFO] : Current model size: 34588688 parameters
2023-11-26 00:19:34,023 | [INFO] : Current model size: 34588688 parameters
2023-11-26 00:28:07,548 | [INFO] : Current model size: 34588688 parameters
2023-11-26 00:36:41,558 | [INFO] : Current model size: 34588688 parameters
2023-11-26 00:45:14,770 | [INFO] : Current model size: 34588688 parameters
2023-11-26 00:53:48,184 | [INFO] : Current model size: 34588688 parameters
2023-11-26 01:02:20,572 | [INFO] : Current model size: 34588688 parameters
2023-11-26 01:10:53,184 | [INFO] : Current model size: 34588688 parameters
2023-11-26 01:19:25,559 | [INFO] : Current model size: 34588688 parameters
2023-11-26 01:27:58,704 | [INFO] : Current model size: 34588688 parameters
2023-11-26 01:36:31,831 | [INFO] : Current model size: 34588688 parameters
2023-11-26 01:45:06,158 | [INFO] : Current model size: 34588688 parameters
2023-11-26 01:53:39,178 | [INFO] : Current model size: 34588688 parameters
2023-11-26 02:02:12,899 | [INFO] : Current model size: 34588688 parameters
2023-11-26 02:10:46,221 | [INFO] : Current model size: 34588688 parameters
2023-11-26 02:19:20,290 | [INFO] : Current model size: 34588688 parameters
2023-11-26 02:27:53,472 | [INFO] : Current model size: 34588688 parameters
2023-11-26 02:36:27,392 | [INFO] : Current model size: 34588688 parameters
2023-11-26 02:45:00,320 | [INFO] : Current model size: 34588688 parameters
2023-11-26 02:53:35,648 | [INFO] : Current model size: 34588688 parameters
2023-11-26 03:02:09,899 | [INFO] : Current model size: 34588688 parameters
2023-11-26 03:10:41,769 | [INFO] : Current model size: 34588688 parameters
2023-11-26 03:19:15,999 | [INFO] : Current model size: 34588688 parameters
2023-11-26 03:27:48,978 | [INFO] : Current model size: 34588688 parameters
2023-11-26 03:36:21,194 | [INFO] : Current model size: 34588688 parameters
2023-11-26 03:44:55,014 | [INFO] : Current model size: 34588688 parameters
2023-11-26 03:53:27,440 | [INFO] : Current model size: 34588688 parameters
2023-11-26 04:01:59,585 | [INFO] : Current model size: 34588688 parameters
2023-11-26 04:10:32,667 | [INFO] : Current model size: 34588688 parameters
2023-11-26 04:19:05,070 | [INFO] : Current model size: 34588688 parameters
2023-11-26 04:27:37,108 | [INFO] : Current model size: 34588688 parameters
2023-11-26 04:36:09,931 | [INFO] : Current model size: 34588688 parameters
2023-11-26 04:44:43,199 | [INFO] : Current model size: 34588688 parameters
2023-11-26 04:53:15,061 | [INFO] : Current model size: 34588688 parameters
2023-11-26 05:01:47,670 | [INFO] : Current model size: 34588688 parameters
2023-11-26 05:10:20,292 | [INFO] : Current model size: 34588688 parameters
2023-11-26 05:18:52,578 | [INFO] : Current model size: 34588688 parameters
2023-11-26 05:27:26,043 | [INFO] : Current model size: 34588688 parameters
2023-11-26 05:35:58,625 | [INFO] : Current model size: 34588688 parameters
2023-11-26 05:44:32,312 | [INFO] : training runtime (h:mm:ss): 6:33:48
