2023-11-20 23:33:48,035 | [INFO] : training start time: 11/20/2023 11:33:48 PM
2023-11-20 23:33:48,036 | [INFO] : Current model size: 25132754 parameters
2023-11-20 23:33:48,232 | [INFO] : Model size was changed to 34199378 parameters
2023-11-20 23:33:48,232 | [INFO] : Learning rate is now 0.001000
2023-11-20 23:38:23,173 | [INFO] : Current model size: 34199378 parameters
2023-11-20 23:42:56,979 | [INFO] : Current model size: 34199378 parameters
2023-11-20 23:47:30,450 | [INFO] : Current model size: 34199378 parameters
2023-11-20 23:52:03,940 | [INFO] : Current model size: 34199378 parameters
2023-11-20 23:56:37,828 | [INFO] : Current model size: 34199378 parameters
2023-11-21 00:01:10,661 | [INFO] : Current model size: 34199378 parameters
2023-11-21 00:05:42,996 | [INFO] : Current model size: 34199378 parameters
2023-11-21 00:10:15,435 | [INFO] : Current model size: 34199378 parameters
2023-11-21 00:14:49,397 | [INFO] : Current model size: 34199378 parameters
2023-11-21 00:19:22,953 | [INFO] : Current model size: 34199378 parameters
2023-11-21 00:23:56,189 | [INFO] : Current model size: 34199378 parameters
2023-11-21 00:28:29,288 | [INFO] : Current model size: 34199378 parameters
2023-11-21 00:33:01,571 | [INFO] : Current model size: 34199378 parameters
2023-11-21 00:37:33,893 | [INFO] : Current model size: 34199378 parameters
2023-11-21 00:42:06,638 | [INFO] : Current model size: 34199378 parameters
2023-11-21 00:46:39,085 | [INFO] : Current model size: 34199378 parameters
2023-11-21 00:51:11,018 | [INFO] : Current model size: 34199378 parameters
2023-11-21 00:55:43,049 | [INFO] : Current model size: 34199378 parameters
2023-11-21 01:00:15,066 | [INFO] : Current model size: 34199378 parameters
2023-11-21 01:04:47,893 | [INFO] : Current model size: 34199378 parameters
2023-11-21 01:09:20,385 | [INFO] : Current model size: 34199378 parameters
2023-11-21 01:13:54,103 | [INFO] : Current model size: 34199378 parameters
2023-11-21 01:18:26,972 | [INFO] : Current model size: 34199378 parameters
2023-11-21 01:23:00,505 | [INFO] : Current model size: 34199378 parameters
2023-11-21 01:27:32,754 | [INFO] : training runtime (h:mm:ss): 1:53:45
