2023-11-24 11:55:33,005 | [INFO] : training start time: 11/24/2023 11:55:33 AM
2023-11-24 11:55:33,006 | [INFO] : Current model size: 25522064 parameters
2023-11-24 11:55:33,301 | [INFO] : Model size was changed to 34588688 parameters
2023-11-24 11:55:33,301 | [INFO] : Learning rate is now 0.001000
2023-11-24 12:04:19,453 | [INFO] : Current model size: 34588688 parameters
2023-11-24 12:13:04,322 | [INFO] : Current model size: 34588688 parameters
2023-11-24 12:21:49,471 | [INFO] : Current model size: 34588688 parameters
2023-11-24 12:30:33,605 | [INFO] : Current model size: 34588688 parameters
2023-11-24 12:39:19,486 | [INFO] : Current model size: 34588688 parameters
2023-11-24 12:48:04,541 | [INFO] : Current model size: 34588688 parameters
2023-11-24 12:56:49,573 | [INFO] : Current model size: 34588688 parameters
2023-11-24 13:05:33,679 | [INFO] : Current model size: 34588688 parameters
2023-11-24 13:14:18,670 | [INFO] : Current model size: 34588688 parameters
2023-11-24 13:23:03,048 | [INFO] : Current model size: 34588688 parameters
2023-11-24 13:31:47,265 | [INFO] : Current model size: 34588688 parameters
2023-11-24 13:40:31,264 | [INFO] : Current model size: 34588688 parameters
2023-11-24 13:49:15,582 | [INFO] : Current model size: 34588688 parameters
2023-11-24 13:58:00,222 | [INFO] : Current model size: 34588688 parameters
2023-11-24 14:06:44,709 | [INFO] : Current model size: 34588688 parameters
2023-11-24 14:15:29,243 | [INFO] : Current model size: 34588688 parameters
2023-11-24 14:24:13,349 | [INFO] : Current model size: 34588688 parameters
2023-11-24 14:32:57,485 | [INFO] : Current model size: 34588688 parameters
2023-11-24 14:41:42,768 | [INFO] : Current model size: 34588688 parameters
2023-11-24 14:50:26,999 | [INFO] : Current model size: 34588688 parameters
2023-11-24 14:59:11,027 | [INFO] : Current model size: 34588688 parameters
2023-11-24 15:07:55,337 | [INFO] : Current model size: 34588688 parameters
2023-11-24 15:16:38,025 | [INFO] : Current model size: 34588688 parameters
2023-11-24 15:25:22,720 | [INFO] : Current model size: 34588688 parameters
2023-11-24 15:34:06,578 | [INFO] : Current model size: 34588688 parameters
2023-11-24 15:42:50,203 | [INFO] : Current model size: 34588688 parameters
2023-11-24 15:51:34,774 | [INFO] : Current model size: 34588688 parameters
2023-11-24 16:00:18,957 | [INFO] : Current model size: 34588688 parameters
2023-11-24 16:09:03,425 | [INFO] : Current model size: 34588688 parameters
2023-11-24 16:17:47,408 | [INFO] : Current model size: 34588688 parameters
2023-11-24 16:26:31,887 | [INFO] : Current model size: 34588688 parameters
2023-11-24 16:35:16,396 | [INFO] : Current model size: 34588688 parameters
2023-11-24 16:44:00,691 | [INFO] : Current model size: 34588688 parameters
2023-11-24 16:52:45,102 | [INFO] : Current model size: 34588688 parameters
2023-11-24 17:01:29,326 | [INFO] : Current model size: 34588688 parameters
2023-11-24 17:10:14,562 | [INFO] : Current model size: 34588688 parameters
2023-11-24 17:18:59,417 | [INFO] : Current model size: 34588688 parameters
2023-11-24 17:27:43,760 | [INFO] : Current model size: 34588688 parameters
2023-11-24 17:36:27,638 | [INFO] : Current model size: 34588688 parameters
2023-11-24 17:45:11,747 | [INFO] : Current model size: 34588688 parameters
2023-11-24 17:53:54,634 | [INFO] : Current model size: 34588688 parameters
2023-11-24 18:02:37,839 | [INFO] : Current model size: 34588688 parameters
2023-11-24 18:11:20,736 | [INFO] : Current model size: 34588688 parameters
2023-11-24 18:20:04,582 | [INFO] : Current model size: 34588688 parameters
2023-11-24 18:28:48,223 | [INFO] : Current model size: 34588688 parameters
2023-11-24 18:37:31,799 | [INFO] : Current model size: 34588688 parameters
2023-11-24 18:46:14,728 | [INFO] : Current model size: 34588688 parameters
2023-11-24 18:54:58,110 | [INFO] : Current model size: 34588688 parameters
2023-11-24 19:03:42,642 | [INFO] : Current model size: 34588688 parameters
2023-11-24 19:12:25,442 | [INFO] : training runtime (h:mm:ss): 7:16:53
