2023-11-23 20:17:04,429 | [INFO] : training start time: 11/23/2023 08:17:04 PM
2023-11-23 20:17:04,430 | [INFO] : Current model size: 25522064 parameters
2023-11-23 20:17:04,777 | [INFO] : Model size was changed to 34588688 parameters
2023-11-23 20:17:04,777 | [INFO] : Learning rate is now 0.001000
2023-11-23 20:25:52,386 | [INFO] : Current model size: 34588688 parameters
2023-11-23 20:34:38,685 | [INFO] : Current model size: 34588688 parameters
2023-11-23 20:43:24,945 | [INFO] : Current model size: 34588688 parameters
2023-11-23 20:52:13,002 | [INFO] : Current model size: 34588688 parameters
2023-11-23 21:00:59,536 | [INFO] : Current model size: 34588688 parameters
2023-11-23 21:09:45,728 | [INFO] : Current model size: 34588688 parameters
2023-11-23 21:18:33,147 | [INFO] : Current model size: 34588688 parameters
2023-11-23 21:27:18,653 | [INFO] : Current model size: 34588688 parameters
2023-11-23 21:36:04,620 | [INFO] : Current model size: 34588688 parameters
2023-11-23 21:44:50,454 | [INFO] : Current model size: 34588688 parameters
2023-11-23 21:53:35,997 | [INFO] : Current model size: 34588688 parameters
2023-11-23 22:02:22,356 | [INFO] : Current model size: 34588688 parameters
2023-11-23 22:11:08,892 | [INFO] : Current model size: 34588688 parameters
2023-11-23 22:19:54,621 | [INFO] : Current model size: 34588688 parameters
2023-11-23 22:28:40,969 | [INFO] : Current model size: 34588688 parameters
2023-11-23 22:37:27,755 | [INFO] : Current model size: 34588688 parameters
2023-11-23 22:46:12,952 | [INFO] : Current model size: 34588688 parameters
2023-11-23 22:54:58,430 | [INFO] : Current model size: 34588688 parameters
2023-11-23 23:03:43,792 | [INFO] : Current model size: 34588688 parameters
2023-11-23 23:12:30,020 | [INFO] : Current model size: 34588688 parameters
2023-11-23 23:21:15,934 | [INFO] : Current model size: 34588688 parameters
2023-11-23 23:30:00,757 | [INFO] : Current model size: 34588688 parameters
2023-11-23 23:38:45,801 | [INFO] : Current model size: 34588688 parameters
2023-11-23 23:47:31,723 | [INFO] : Current model size: 34588688 parameters
2023-11-23 23:56:16,584 | [INFO] : Current model size: 34588688 parameters
2023-11-24 00:05:01,497 | [INFO] : Current model size: 34588688 parameters
2023-11-24 00:13:46,539 | [INFO] : Current model size: 34588688 parameters
2023-11-24 00:22:32,874 | [INFO] : Current model size: 34588688 parameters
2023-11-24 00:31:18,935 | [INFO] : Current model size: 34588688 parameters
2023-11-24 00:40:04,946 | [INFO] : Current model size: 34588688 parameters
2023-11-24 00:48:50,943 | [INFO] : Current model size: 34588688 parameters
2023-11-24 00:57:36,279 | [INFO] : Current model size: 34588688 parameters
2023-11-24 01:06:22,536 | [INFO] : Current model size: 34588688 parameters
2023-11-24 01:15:08,694 | [INFO] : Current model size: 34588688 parameters
2023-11-24 01:23:55,508 | [INFO] : Current model size: 34588688 parameters
2023-11-24 01:32:40,534 | [INFO] : Current model size: 34588688 parameters
2023-11-24 01:41:25,534 | [INFO] : Current model size: 34588688 parameters
2023-11-24 01:50:11,724 | [INFO] : Current model size: 34588688 parameters
2023-11-24 01:58:58,664 | [INFO] : Current model size: 34588688 parameters
2023-11-24 02:07:42,795 | [INFO] : Current model size: 34588688 parameters
2023-11-24 02:16:28,043 | [INFO] : Current model size: 34588688 parameters
2023-11-24 02:25:11,411 | [INFO] : Current model size: 34588688 parameters
2023-11-24 02:33:54,705 | [INFO] : Current model size: 34588688 parameters
2023-11-24 02:42:37,805 | [INFO] : Current model size: 34588688 parameters
2023-11-24 02:51:20,764 | [INFO] : Current model size: 34588688 parameters
2023-11-24 03:00:04,147 | [INFO] : Current model size: 34588688 parameters
2023-11-24 03:08:47,725 | [INFO] : Current model size: 34588688 parameters
2023-11-24 03:17:31,563 | [INFO] : Current model size: 34588688 parameters
2023-11-24 03:26:15,770 | [INFO] : Current model size: 34588688 parameters
2023-11-24 03:35:00,875 | [INFO] : training runtime (h:mm:ss): 7:17:57
