2023-11-22 09:20:13,446 | [INFO] : training start time: 11/22/2023 09:20:13 AM
2023-11-22 09:20:13,447 | [INFO] : Current model size: 25522064 parameters
2023-11-22 09:20:13,673 | [INFO] : Model size was changed to 34588688 parameters
2023-11-22 09:20:13,673 | [INFO] : Learning rate is now 0.001000
2023-11-22 09:29:01,262 | [INFO] : Current model size: 34588688 parameters
2023-11-22 09:37:45,286 | [INFO] : Current model size: 34588688 parameters
2023-11-22 09:46:26,549 | [INFO] : Current model size: 34588688 parameters
2023-11-22 09:55:06,683 | [INFO] : Current model size: 34588688 parameters
2023-11-22 10:03:46,235 | [INFO] : Current model size: 34588688 parameters
2023-11-22 10:12:23,795 | [INFO] : Current model size: 34588688 parameters
2023-11-22 10:21:00,308 | [INFO] : Current model size: 34588688 parameters
2023-11-22 10:29:35,386 | [INFO] : Current model size: 34588688 parameters
2023-11-22 10:38:10,332 | [INFO] : Current model size: 34588688 parameters
2023-11-22 10:46:43,756 | [INFO] : Current model size: 34588688 parameters
2023-11-22 10:55:16,580 | [INFO] : Current model size: 34588688 parameters
2023-11-22 11:03:49,461 | [INFO] : Current model size: 34588688 parameters
2023-11-22 11:12:22,216 | [INFO] : Current model size: 34588688 parameters
2023-11-22 11:20:54,599 | [INFO] : Current model size: 34588688 parameters
2023-11-22 11:29:28,222 | [INFO] : Current model size: 34588688 parameters
2023-11-22 11:38:02,124 | [INFO] : Current model size: 34588688 parameters
2023-11-22 11:46:36,151 | [INFO] : Current model size: 34588688 parameters
2023-11-22 11:55:08,945 | [INFO] : Current model size: 34588688 parameters
2023-11-22 12:03:41,964 | [INFO] : Current model size: 34588688 parameters
2023-11-22 12:12:15,357 | [INFO] : Current model size: 34588688 parameters
2023-11-22 12:20:49,046 | [INFO] : Current model size: 34588688 parameters
2023-11-22 12:29:22,305 | [INFO] : Current model size: 34588688 parameters
2023-11-22 12:37:56,387 | [INFO] : Current model size: 34588688 parameters
2023-11-22 12:46:28,707 | [INFO] : Current model size: 34588688 parameters
2023-11-22 12:55:01,579 | [INFO] : Current model size: 34588688 parameters
2023-11-22 13:03:34,806 | [INFO] : Current model size: 34588688 parameters
2023-11-22 13:12:08,198 | [INFO] : Current model size: 34588688 parameters
2023-11-22 13:20:41,874 | [INFO] : Current model size: 34588688 parameters
2023-11-22 13:29:14,313 | [INFO] : Current model size: 34588688 parameters
2023-11-22 13:37:47,529 | [INFO] : Current model size: 34588688 parameters
2023-11-22 13:46:21,837 | [INFO] : Current model size: 34588688 parameters
2023-11-22 13:54:54,502 | [INFO] : Current model size: 34588688 parameters
2023-11-22 14:03:28,262 | [INFO] : Current model size: 34588688 parameters
2023-11-22 14:12:00,945 | [INFO] : Current model size: 34588688 parameters
2023-11-22 14:20:33,845 | [INFO] : Current model size: 34588688 parameters
2023-11-22 14:29:07,137 | [INFO] : Current model size: 34588688 parameters
2023-11-22 14:37:39,988 | [INFO] : Current model size: 34588688 parameters
2023-11-22 14:46:11,954 | [INFO] : Current model size: 34588688 parameters
2023-11-22 14:54:45,111 | [INFO] : Current model size: 34588688 parameters
2023-11-22 15:03:16,466 | [INFO] : Current model size: 34588688 parameters
2023-11-22 15:11:48,321 | [INFO] : Current model size: 34588688 parameters
2023-11-22 15:20:20,031 | [INFO] : Current model size: 34588688 parameters
2023-11-22 15:28:52,248 | [INFO] : Current model size: 34588688 parameters
2023-11-22 15:37:23,981 | [INFO] : Current model size: 34588688 parameters
2023-11-22 15:45:55,934 | [INFO] : Current model size: 34588688 parameters
2023-11-22 15:54:27,778 | [INFO] : Current model size: 34588688 parameters
2023-11-22 16:02:59,724 | [INFO] : Current model size: 34588688 parameters
2023-11-22 16:11:32,391 | [INFO] : Current model size: 34588688 parameters
2023-11-22 16:20:03,173 | [INFO] : Current model size: 34588688 parameters
2023-11-22 16:28:34,874 | [INFO] : training runtime (h:mm:ss): 7:08:22
