2023-11-25 10:36:40,338 | [INFO] : training start time: 11/25/2023 10:36:40 AM
2023-11-25 10:36:40,339 | [INFO] : Current model size: 25522064 parameters
2023-11-25 10:36:40,734 | [INFO] : Model size was changed to 34588688 parameters
2023-11-25 10:36:40,734 | [INFO] : Learning rate is now 0.010000
2023-11-25 10:45:27,708 | [INFO] : Current model size: 34588688 parameters
2023-11-25 10:54:12,263 | [INFO] : Current model size: 34588688 parameters
2023-11-25 11:02:55,925 | [INFO] : Current model size: 34588688 parameters
2023-11-25 11:11:39,157 | [INFO] : Current model size: 34588688 parameters
2023-11-25 11:20:23,172 | [INFO] : Current model size: 34588688 parameters
2023-11-25 11:29:06,304 | [INFO] : Current model size: 34588688 parameters
2023-11-25 11:37:48,604 | [INFO] : Current model size: 34588688 parameters
2023-11-25 11:46:31,328 | [INFO] : Current model size: 34588688 parameters
2023-11-25 11:55:13,245 | [INFO] : Current model size: 34588688 parameters
2023-11-25 12:03:54,422 | [INFO] : Current model size: 34588688 parameters
2023-11-25 12:12:35,466 | [INFO] : Current model size: 34588688 parameters
2023-11-25 12:21:16,716 | [INFO] : Current model size: 34588688 parameters
2023-11-25 12:29:58,211 | [INFO] : Current model size: 34588688 parameters
2023-11-25 12:38:40,401 | [INFO] : Current model size: 34588688 parameters
2023-11-25 12:47:21,344 | [INFO] : Current model size: 34588688 parameters
2023-11-25 12:56:02,240 | [INFO] : Current model size: 34588688 parameters
2023-11-25 13:04:42,485 | [INFO] : Current model size: 34588688 parameters
2023-11-25 13:13:23,599 | [INFO] : Current model size: 34588688 parameters
2023-11-25 13:22:05,141 | [INFO] : Current model size: 34588688 parameters
2023-11-25 13:30:45,931 | [INFO] : Current model size: 34588688 parameters
2023-11-25 13:39:27,287 | [INFO] : Current model size: 34588688 parameters
2023-11-25 13:48:08,224 | [INFO] : Current model size: 34588688 parameters
2023-11-25 13:56:49,540 | [INFO] : Current model size: 34588688 parameters
2023-11-25 14:05:29,909 | [INFO] : Current model size: 34588688 parameters
2023-11-25 14:14:11,228 | [INFO] : Current model size: 34588688 parameters
2023-11-25 14:22:51,960 | [INFO] : Current model size: 34588688 parameters
2023-11-25 14:31:33,098 | [INFO] : Current model size: 34588688 parameters
2023-11-25 14:40:13,887 | [INFO] : Current model size: 34588688 parameters
2023-11-25 14:48:55,491 | [INFO] : Current model size: 34588688 parameters
2023-11-25 14:57:36,077 | [INFO] : Current model size: 34588688 parameters
2023-11-25 15:06:17,109 | [INFO] : Current model size: 34588688 parameters
2023-11-25 15:14:58,821 | [INFO] : Current model size: 34588688 parameters
2023-11-25 15:23:40,350 | [INFO] : Current model size: 34588688 parameters
2023-11-25 15:32:21,967 | [INFO] : Current model size: 34588688 parameters
2023-11-25 15:41:03,070 | [INFO] : Current model size: 34588688 parameters
2023-11-25 15:49:44,217 | [INFO] : Current model size: 34588688 parameters
2023-11-25 15:58:25,741 | [INFO] : Current model size: 34588688 parameters
2023-11-25 16:07:07,403 | [INFO] : Current model size: 34588688 parameters
2023-11-25 16:15:48,678 | [INFO] : Current model size: 34588688 parameters
2023-11-25 16:24:29,749 | [INFO] : Current model size: 34588688 parameters
2023-11-25 16:33:11,381 | [INFO] : Current model size: 34588688 parameters
2023-11-25 16:41:52,877 | [INFO] : Current model size: 34588688 parameters
2023-11-25 16:50:33,911 | [INFO] : Current model size: 34588688 parameters
2023-11-25 16:59:15,590 | [INFO] : Current model size: 34588688 parameters
2023-11-25 17:07:57,225 | [INFO] : Current model size: 34588688 parameters
2023-11-25 17:16:37,994 | [INFO] : Current model size: 34588688 parameters
2023-11-25 17:25:18,611 | [INFO] : Current model size: 34588688 parameters
2023-11-25 17:33:59,067 | [INFO] : training runtime (h:mm:ss): 6:57:19
